[debug] [2022-08-30T20:38:08.449Z] ----------------------------------------------------------------------
[debug] [2022-08-30T20:38:08.453Z] Command:       C:\Program Files\node.exe C:\Users\dell\AppData\Roaming\npm\node_modules\firebase-tools\lib\bin\firebase.js init
[debug] [2022-08-30T20:38:08.455Z] CLI Version:   11.8.0
[debug] [2022-08-30T20:38:08.455Z] Platform:      win32
[debug] [2022-08-30T20:38:08.455Z] Node Version:  v16.16.0
[debug] [2022-08-30T20:38:08.644Z] Time:          Wed Aug 31 2022 02:08:08 GMT+0530 (India Standard Time)
[debug] [2022-08-30T20:38:08.645Z] ----------------------------------------------------------------------
[debug] 
[debug] [2022-08-30T20:38:08.692Z] >>> [apiv2][query] GET https://firebase-public.firebaseio.com/cli.json [none]
[debug] [2022-08-30T20:38:08.768Z] > command requires scopes: ["email","openid","https://www.googleapis.com/auth/cloudplatformprojects.readonly","https://www.googleapis.com/auth/firebase","https://www.googleapis.com/auth/cloud-platform"]
[debug] [2022-08-30T20:38:08.770Z] > authorizing via signed-in user (sundaramseth.ucer@gmail.com)
[info] 
     ######## #### ########  ######## ########     ###     ######  ########
     ##        ##  ##     ## ##       ##     ##  ##   ##  ##       ##
     ######    ##  ########  ######   ########  #########  ######  ######
     ##        ##  ##    ##  ##       ##     ## ##     ##       ## ##
     ##       #### ##     ## ######## ########  ##     ##  ######  ########

You're about to initialize a Firebase project in this directory:

  C:\todoapp\todoapp

Before we get started, keep in mind:

  * You are currently outside your home directory

